<?xml version="1.0" encoding="UTF-8"?>
<!-- Generated by org.testng.reporters.JUnitReportReporter -->
<testsuite skipped="0" hostname="SDHANAVA-L-1378" name="com.appium.testcases.TestCase" tests="3" failures="0" timestamp="02 Nov 2018 16:56:25 GMT" time="36.877" errors="0">
  <testcase name="extent" time="0.013" classname="com.appium.testcases.TestCase"/>
  <testcase name="verifyTitleoftheHomePage" time="6.603" classname="com.appium.testcases.TestCase"/>
  <testcase name="addcart" time="30.261" classname="com.appium.testcases.TestCase"/>
</testsuite> <!-- com.appium.testcases.TestCase -->
