<?xml version="1.0" encoding="UTF-8"?>
<!-- Generated by org.testng.reporters.JUnitReportReporter -->
<testsuite skipped="0" hostname="SDHANAVA-L-1378" name="com.appium.testcases.TestCase" tests="4" failures="0" timestamp="10 Nov 2018 17:04:34 GMT" time="44.564" errors="0">
  <testcase name="extent" time="0.025" classname="com.appium.testcases.TestCase"/>
  <testcase name="verifyTitleoftheHomePage" time="0.146" classname="com.appium.testcases.TestCase"/>
  <testcase name="addcart" time="32.832" classname="com.appium.testcases.TestCase"/>
  <testcase name="login" time="11.561" classname="com.appium.testcases.TestCase"/>
</testsuite> <!-- com.appium.testcases.TestCase -->
